<?xml version="1.0" encoding="UTF-8"?>
<!-- Generated by org.testng.reporters.JUnitXMLReporter -->
<testsuite ignored="0" hostname="ATIF-ALI-KHAN" failures="0" tests="0" name="Test" time="0.373" errors="0" timestamp="2025-03-21T10:36:23 IST">
  <testcase classname="io.cucumber.testng.AbstractTestNGCucumberTests" name="@BeforeClass setUpClass" time="0.333">
    <failure type="java.lang.IllegalArgumentException" message="Feature not found: file:/C:/Users/ADMIN/eclipse-workspace/WebShop/./src/test/java/feature/Register.feature">
      <![CDATA[java.lang.IllegalArgumentException: Feature not found: file:/C:/Users/ADMIN/eclipse-workspace/WebShop/./src/test/java/feature/Register.feature
at io.cucumber.core.runtime.FeaturePathFeatureSupplier.loadFeatures(FeaturePathFeatureSupplier.java:64)
at io.cucumber.core.runtime.FeaturePathFeatureSupplier.get(FeaturePathFeatureSupplier.java:45)
at io.cucumber.testng.TestNGCucumberRunner.<init>(TestNGCucumberRunner.java:122)
at io.cucumber.testng.AbstractTestNGCucumberTests.setUpClass(AbstractTestNGCucumberTests.java:27)
at java.base/java.util.ArrayList.forEach(ArrayList.java:1597)
... Removed 23 stack frames]]>
    </failure>
  </testcase> <!-- @BeforeClass setUpClass -->
</testsuite> <!-- Test -->
